[debug] [2021-08-11T06:57:30.175Z] ----------------------------------------------------------------------
[debug] [2021-08-11T06:57:30.175Z] Command:       C:\Program Files\nodejs\node.exe C:\Users\dinesh samaranayake\AppData\Roaming\npm\node_modules\firebase-tools\lib\bin\firebase.js init
[debug] [2021-08-11T06:57:30.175Z] CLI Version:   9.16.0
[debug] [2021-08-11T06:57:30.175Z] Platform:      win32
[debug] [2021-08-11T06:57:30.175Z] Node Version:  v12.19.0
[debug] [2021-08-11T06:57:30.175Z] Time:          Wed Aug 11 2021 12:27:30 GMT+0530 (India Standard Time)
[debug] [2021-08-11T06:57:30.175Z] ----------------------------------------------------------------------
[debug] 
[debug] [2021-08-11T06:57:30.191Z] > command requires scopes: ["email","openid","https://www.googleapis.com/auth/cloudplatformprojects.readonly","https://www.googleapis.com/auth/firebase","https://www.googleapis.com/auth/cloud-platform"]
[debug] [2021-08-11T06:57:30.191Z] > authorizing via signed-in user (ywdinesh@gmail.com)
[info] 
     ######## #### ########  ######## ########     ###     ######  ########
     ##        ##  ##     ## ##       ##     ##  ##   ##  ##       ##
     ######    ##  ########  ######   ########  #########  ######  ######
     ##        ##  ##    ##  ##       ##     ## ##     ##       ## ##
     ##       #### ##     ## ######## ########  ##     ##  ######  ########

You're about to initialize a Firebase project in this directory:

  C:\Users\dinesh samaranayake\Desktop\photoshop desings\herbline\herbline-online

[info] 
=== Project Setup
[info] 
[info] First, let's associate this project directory with a Firebase project.
[info] You can create multiple project aliases by running firebase use --add, 
[info] but for now we'll just set up a default project.
[info] 
[debug] [2021-08-11T06:57:41.954Z] >>> [apiv2][query] GET https://firebase.googleapis.com/v1beta1/projects pageSize=100
[debug] [2021-08-11T06:57:42.903Z] <<< [apiv2][status] GET https://firebase.googleapis.com/v1beta1/projects 200
[debug] [2021-08-11T06:57:42.903Z] <<< [apiv2][body] GET https://firebase.googleapis.com/v1beta1/projects [omitted]
[info] i  Using project herbline-online (herbline-online) 
[info] 
=== Hosting:github Setup
[info] 
[info] i  Detected a .git folder at C:\Users\dinesh samaranayake\Desktop\photoshop desings\herbline\herbline-online 
[info] i  Authorizing with GitHub to upload your service account to a GitHub repository's secrets store. 
[info] 
[info] Visit this URL on this device to log in:
[info] https://github.com/login/oauth/authorize?client_id=89cf50f02ac6aaed3484&state=326899394&redirect_uri=http%3A%2F%2Flocalhost%3A9005&scope=read%3Auser%20repo%20public_repo
[info] 
[info] Waiting for authentication...
[debug] [2021-08-11T06:58:10.091Z] >>> HTTP REQUEST POST https://github.com/login/oauth/access_token  
 {"client_id":"89cf50f02ac6aaed3484","client_secret":"3330d14abc895d9a74d5f17cd7a00711fa2c5bf0","code":"ae3bde8d5097ba775ca5","redirect_uri":"http://localhost:9005","state":"326899394"}
[debug] [2021-08-11T06:58:10.689Z] <<< HTTP RESPONSE 200 {"server":"GitHub.com","date":"Wed, 11 Aug 2021 06:58:17 GMT","content-type":"application/json; charset=utf-8","transfer-encoding":"chunked","vary":"X-PJAX, Accept-Encoding, Accept, X-Requested-With","permissions-policy":"interest-cohort=()","etag":"W/\"5d8c12a10b9f490765a2fc703bda044c\"","cache-control":"max-age=0, private, must-revalidate","strict-transport-security":"max-age=31536000; includeSubdomains; preload","x-frame-options":"deny","x-content-type-options":"nosniff","x-xss-protection":"0","referrer-policy":"origin-when-cross-origin, strict-origin-when-cross-origin","expect-ct":"max-age=2592000, report-uri=\"https://api.github.com/_private/browser/errors\"","content-security-policy":"default-src 'none'; base-uri 'self'; block-all-mixed-content; connect-src 'self' uploads.github.com www.githubstatus.com collector.githubapp.com api.github.com github-cloud.s3.amazonaws.com github-production-repository-file-5c1aeb.s3.amazonaws.com github-production-upload-manifest-file-7fdce7.s3.amazonaws.com github-production-user-asset-6210df.s3.amazonaws.com cdn.optimizely.com logx.optimizely.com/v1/events translator.github.com wss://alive.github.com; font-src github.githubassets.com; form-action 'self' github.com gist.github.com; frame-ancestors 'none'; frame-src render.githubusercontent.com render-temp.githubusercontent.com viewscreen.githubusercontent.com; img-src 'self' data: github.githubassets.com identicons.github.com collector.githubapp.com github-cloud.s3.amazonaws.com secured-user-images.githubusercontent.com/ *.githubusercontent.com; manifest-src 'self'; media-src 'none'; script-src github.githubassets.com; style-src 'unsafe-inline' github.githubassets.com; worker-src github.com/socket-worker-3f088aa2.js gist.github.com/socket-worker-3f088aa2.js","x-github-request-id":"430F:72EC:28398:69197:61137509"}
[debug] [2021-08-11T06:58:10.707Z] >>> [apiv2][query] GET https://api.github.com/user [none]
[debug] [2021-08-11T06:58:11.330Z] <<< [apiv2][status] GET https://api.github.com/user 200
[debug] [2021-08-11T06:58:11.331Z] <<< [apiv2][body] GET https://api.github.com/user {"login":"dinesh-jaysiri","id":82434466,"node_id":"MDQ6VXNlcjgyNDM0NDY2","avatar_url":"https://avatars.githubusercontent.com/u/82434466?v=4","gravatar_id":"","url":"https://api.github.com/users/dinesh-jaysiri","html_url":"https://github.com/dinesh-jaysiri","followers_url":"https://api.github.com/users/dinesh-jaysiri/followers","following_url":"https://api.github.com/users/dinesh-jaysiri/following{/other_user}","gists_url":"https://api.github.com/users/dinesh-jaysiri/gists{/gist_id}","starred_url":"https://api.github.com/users/dinesh-jaysiri/starred{/owner}{/repo}","subscriptions_url":"https://api.github.com/users/dinesh-jaysiri/subscriptions","organizations_url":"https://api.github.com/users/dinesh-jaysiri/orgs","repos_url":"https://api.github.com/users/dinesh-jaysiri/repos","events_url":"https://api.github.com/users/dinesh-jaysiri/events{/privacy}","received_events_url":"https://api.github.com/users/dinesh-jaysiri/received_events","type":"User","site_admin":false,"name":null,"company":null,"blog":"","location":null,"email":null,"hireable":null,"bio":null,"twitter_username":null,"public_repos":4,"public_gists":0,"followers":0,"following":0,"created_at":"2021-04-13T06:10:30Z","updated_at":"2021-08-11T06:58:16Z","private_gists":1,"total_private_repos":0,"owned_private_repos":0,"disk_usage":7746,"collaborators":0,"two_factor_authentication":false,"plan":{"name":"free","space":976562499,"collaborators":0,"private_repos":10000}}
[info] 
[info] +  Success! Logged into GitHub as dinesh-jaysiri 
[info] 
[debug] [2021-08-11T07:03:33.796Z] >>> [apiv2][query] GET https://api.github.com/repos//actions/secrets/public-key type=owner
[debug] [2021-08-11T07:03:34.355Z] <<< [apiv2][status] GET https://api.github.com/repos//actions/secrets/public-key 404
[debug] [2021-08-11T07:03:34.357Z] <<< [apiv2][body] GET https://api.github.com/repos//actions/secrets/public-key {"message":"Not Found","documentation_url":"https://docs.github.com/rest"}
[debug] [2021-08-11T07:03:34.689Z] >>> [apiv2][query] GET https://api.github.com/repos//actions/secrets/public-key type=owner
[debug] [2021-08-11T07:03:35.193Z] <<< [apiv2][status] GET https://api.github.com/repos//actions/secrets/public-key 404
[debug] [2021-08-11T07:03:35.193Z] <<< [apiv2][body] GET https://api.github.com/repos//actions/secrets/public-key {"message":"Not Found","documentation_url":"https://docs.github.com/rest"}
[debug] [2021-08-11T07:03:41.009Z] >>> [apiv2][query] GET https://api.github.com/repos/Y/actions/secrets/public-key type=owner
[debug] [2021-08-11T07:03:41.556Z] <<< [apiv2][status] GET https://api.github.com/repos/Y/actions/secrets/public-key 404
[debug] [2021-08-11T07:03:41.556Z] <<< [apiv2][body] GET https://api.github.com/repos/Y/actions/secrets/public-key {"message":"Not Found","documentation_url":"https://docs.github.com/rest"}
